DoPhone/build/outputs/logs/manifest-merger-debug-report.txt
-- Merging decision tree log ---
manifest
ADDED from AndroidStudio\DoPhone\AndroidManifest.xml:2:1-184:12
	package
		ADDED from AndroidStudio\DoPhone\AndroidManifest.xml:3:5-34
	android:versionName
		ADDED from AndroidStudio\DoPhone\AndroidManifest.xml:5:5-30
		INJECTED from AndroidStudio\DoPhone\AndroidManifest.xml
		INJECTED from AndroidStudio\DoPhone\AndroidManifest.xml
	android:versionCode
		ADDED from AndroidStudio\DoPhone\AndroidManifest.xml:4:5-28
		INJECTED from AndroidStudio\DoPhone\AndroidManifest.xml
		INJECTED from AndroidStudio\DoPhone\AndroidManifest.xml
	xmlns:android
		ADDED from AndroidStudio\DoPhone\AndroidManifest.xml:2:11-69
uses-sdk
ADDED from AndroidStudio\DoPhone\AndroidManifest.xml:7:5-9:41
MERGED from [AndroidStudio:MPChartLib:unspecified] AndroidManifest.xml:7:5-9:41
MERGED from [AndroidStudio:PinYinLib:unspecified] AndroidManifest.xml:7:5-9:41
	android:targetSdkVersion
		ADDED from AndroidStudio\DoPhone\AndroidManifest.xml:9:9-38
	android:minSdkVersion
		ADDED from AndroidStudio\DoPhone\AndroidManifest.xml:8:9-35
uses-permission#android.permission.RECEIVE_BOOT_COMPLETED
ADDED from AndroidStudio\DoPhone\AndroidManifest.xml:11:5-81
	android:name
		ADDED from AndroidStudio\DoPhone\AndroidManifest.xml:11:22-78
uses-permission#android.permission.WRITE_CONTACTS
ADDED from AndroidStudio\DoPhone\AndroidManifest.xml:12:5-73
	android:name
		ADDED from AndroidStudio\DoPhone\AndroidManifest.xml:12:22-70
uses-permission#android.permission.SEND_SMS
ADDED from AndroidStudio\DoPhone\AndroidManifest.xml:13:5-67
	android:name
		ADDED from AndroidStudio\DoPhone\AndroidManifest.xml:13:22-64
uses-permission#android.permission.RECEIVE_SMS
ADDED from AndroidStudio\DoPhone\AndroidManifest.xml:14:5-70
	android:name
		ADDED from AndroidStudio\DoPhone\AndroidManifest.xml:14:22-67
uses-permission#android.permission.ACCESS_MOCK_LOCATION
ADDED from AndroidStudio\DoPhone\AndroidManifest.xml:15:5-79
	android:name
		ADDED from AndroidStudio\DoPhone\AndroidManifest.xml:15:22-76
uses-permission#android.permission.PROCESS_OUTGOING_CALLS
ADDED from AndroidStudio\DoPhone\AndroidManifest.xml:16:5-81
	android:name
		ADDED from AndroidStudio\DoPhone\AndroidManifest.xml:16:22-78
uses-permission#android.permission.READ_CALL_LOG
ADDED from AndroidStudio\DoPhone\AndroidManifest.xml:17:5-72
	android:name
		ADDED from AndroidStudio\DoPhone\AndroidManifest.xml:17:22-69
uses-permission#android.permission.WRITE_CALL_LOG
ADDED from AndroidStudio\DoPhone\AndroidManifest.xml:18:5-73
	android:name
		ADDED from AndroidStudio\DoPhone\AndroidManifest.xml:18:22-70
uses-permission#android.permission.READ_SMS
ADDED from AndroidStudio\DoPhone\AndroidManifest.xml:19:5-67
	android:name
		ADDED from AndroidStudio\DoPhone\AndroidManifest.xml:19:22-64
uses-permission#android.permission.WRITE_SMS
ADDED from AndroidStudio\DoPhone\AndroidManifest.xml:20:5-68
	android:name
		ADDED from AndroidStudio\DoPhone\AndroidManifest.xml:20:22-65
uses-permission#com.android.launcher.permission.INSTALL_SHORTCUT
ADDED from AndroidStudio\DoPhone\AndroidManifest.xml:21:5-88
	android:name
		ADDED from AndroidStudio\DoPhone\AndroidManifest.xml:21:22-85
uses-permission#android.permission.KILL_BACKGROUND_PROCESSES
ADDED from AndroidStudio\DoPhone\AndroidManifest.xml:22:5-84
	android:name
		ADDED from AndroidStudio\DoPhone\AndroidManifest.xml:22:22-81
uses-permission#android.permission.GET_PACKAGE_SIZE
ADDED from AndroidStudio\DoPhone\AndroidManifest.xml:23:5-75
	android:name
		ADDED from AndroidStudio\DoPhone\AndroidManifest.xml:23:22-72
uses-permission#android.permission.CLEAR_APP_CACHE
ADDED from AndroidStudio\DoPhone\AndroidManifest.xml:24:5-74
	android:name
		ADDED from AndroidStudio\DoPhone\AndroidManifest.xml:24:22-71
uses-permission#android.permission.MOUNT_UNMOUNT_FILESYSTEMS
ADDED from AndroidStudio\DoPhone\AndroidManifest.xml:26:5-84
	android:name
		ADDED from AndroidStudio\DoPhone\AndroidManifest.xml:26:22-81
uses-permission#android.permission.MODIFY_AUDIO_SETTINGS
ADDED from AndroidStudio\DoPhone\AndroidManifest.xml:29:5-80
	android:name
		ADDED from AndroidStudio\DoPhone\AndroidManifest.xml:29:22-77
uses-permission#android.permission.WRITE_EXTERNAL_STORAGE
ADDED from AndroidStudio\DoPhone\AndroidManifest.xml:31:5-81
	android:name
		ADDED from AndroidStudio\DoPhone\AndroidManifest.xml:31:22-78
uses-permission#android.permission.FLASHLIGHT
ADDED from AndroidStudio\DoPhone\AndroidManifest.xml:33:5-69
	android:name
		ADDED from AndroidStudio\DoPhone\AndroidManifest.xml:33:22-66
uses-permission#android.permission.VIBRATE
ADDED from AndroidStudio\DoPhone\AndroidManifest.xml:35:5-66
	android:name
		ADDED from AndroidStudio\DoPhone\AndroidManifest.xml:35:22-63
uses-permission#android.permission.CAMERA
ADDED from AndroidStudio\DoPhone\AndroidManifest.xml:37:5-65
	android:name
		ADDED from AndroidStudio\DoPhone\AndroidManifest.xml:37:22-62
uses-feature#android.hardware.camera
ADDED from AndroidStudio\DoPhone\AndroidManifest.xml:39:5-60
	android:name
		ADDED from AndroidStudio\DoPhone\AndroidManifest.xml:39:19-57
uses-feature#android.hardware.camera.autofocus
ADDED from AndroidStudio\DoPhone\AndroidManifest.xml:41:5-70
	android:name
		ADDED from AndroidStudio\DoPhone\AndroidManifest.xml:41:19-67
uses-permission#android.permission.CALL_PHONE
ADDED from AndroidStudio\DoPhone\AndroidManifest.xml:43:5-69
	android:name
		ADDED from AndroidStudio\DoPhone\AndroidManifest.xml:43:22-66
uses-permission#android.permission.INTERNET
ADDED from AndroidStudio\DoPhone\AndroidManifest.xml:45:5-67
	android:name
		ADDED from AndroidStudio\DoPhone\AndroidManifest.xml:45:22-64
uses-permission#android.permission.ACCESS_NETWORK_STATE
ADDED from AndroidStudio\DoPhone\AndroidManifest.xml:47:5-79
	android:name
		ADDED from AndroidStudio\DoPhone\AndroidManifest.xml:47:22-76
uses-permission#com.android.launcher.permission.READ_SETTINGS
ADDED from AndroidStudio\DoPhone\AndroidManifest.xml:49:5-85
	android:name
		ADDED from AndroidStudio\DoPhone\AndroidManifest.xml:49:22-82
uses-permission#android.permission.WAKE_LOCK
ADDED from AndroidStudio\DoPhone\AndroidManifest.xml:51:5-68
	android:name
		ADDED from AndroidStudio\DoPhone\AndroidManifest.xml:51:22-65
uses-permission#android.permission.CHANGE_WIFI_STATE
ADDED from AndroidStudio\DoPhone\AndroidManifest.xml:53:5-76
	android:name
		ADDED from AndroidStudio\DoPhone\AndroidManifest.xml:53:22-73
uses-permission#android.permission.ACCESS_WIFI_STATE
ADDED from AndroidStudio\DoPhone\AndroidManifest.xml:55:5-76
	android:name
		ADDED from AndroidStudio\DoPhone\AndroidManifest.xml:55:22-73
uses-permission#android.permission.GET_TASKS
ADDED from AndroidStudio\DoPhone\AndroidManifest.xml:57:5-68
	android:name
		ADDED from AndroidStudio\DoPhone\AndroidManifest.xml:57:22-65
uses-permission#android.permission.WRITE_SETTINGS
ADDED from AndroidStudio\DoPhone\AndroidManifest.xml:59:5-73
	android:name
		ADDED from AndroidStudio\DoPhone\AndroidManifest.xml:59:22-70
uses-permission#android.permission.ACCESS_COARSE_LOCATION
ADDED from AndroidStudio\DoPhone\AndroidManifest.xml:61:5-81
	android:name
		ADDED from AndroidStudio\DoPhone\AndroidManifest.xml:61:22-78
uses-permission#android.permission.ACCESS_FINE_LOCATION
ADDED from AndroidStudio\DoPhone\AndroidManifest.xml:63:5-79
	android:name
		ADDED from AndroidStudio\DoPhone\AndroidManifest.xml:63:22-76
uses-permission#android.permission.RECORD_AUDIO
ADDED from AndroidStudio\DoPhone\AndroidManifest.xml:66:5-71
	android:name
		ADDED from AndroidStudio\DoPhone\AndroidManifest.xml:66:22-68
uses-permission#android.permission.CHANGE_NETWORK_STATE
ADDED from AndroidStudio\DoPhone\AndroidManifest.xml:68:5-79
	android:name
		ADDED from AndroidStudio\DoPhone\AndroidManifest.xml:68:22-76
uses-permission#android.permission.READ_PHONE_STATE
ADDED from AndroidStudio\DoPhone\AndroidManifest.xml:71:5-75
	android:name
		ADDED from AndroidStudio\DoPhone\AndroidManifest.xml:71:22-72
uses-permission#android.permission.READ_CONTACTS
ADDED from AndroidStudio\DoPhone\AndroidManifest.xml:74:5-72
	android:name
		ADDED from AndroidStudio\DoPhone\AndroidManifest.xml:74:22-69
uses-permission#android.permission.RECEIVE_USER_PRESENT
ADDED from AndroidStudio\DoPhone\AndroidManifest.xml:77:5-79
	android:name
		ADDED from AndroidStudio\DoPhone\AndroidManifest.xml:77:22-76
uses-permission#android.permission.READ_EXTERNAL_STORAGE
ADDED from AndroidStudio\DoPhone\AndroidManifest.xml:78:5-80
	android:name
		ADDED from AndroidStudio\DoPhone\AndroidManifest.xml:78:22-77
uses-permission#android.permission.SYSTEM_ALERT_WINDOW
ADDED from AndroidStudio\DoPhone\AndroidManifest.xml:79:5-78
	android:name
		ADDED from AndroidStudio\DoPhone\AndroidManifest.xml:79:22-75
uses-permission#android.permission.ACCESS_LOCATION_EXTRA_COMMANDS
ADDED from AndroidStudio\DoPhone\AndroidManifest.xml:81:5-89
	android:name
		ADDED from AndroidStudio\DoPhone\AndroidManifest.xml:81:22-86
application
ADDED from AndroidStudio\DoPhone\AndroidManifest.xml:83:5-182:19
MERGED from [AndroidStudio:PinYinLib:unspecified] AndroidManifest.xml:11:5-25:19
	android:label
		ADDED from AndroidStudio\DoPhone\AndroidManifest.xml:86:9-41
	android:allowBackup
		ADDED from AndroidStudio\DoPhone\AndroidManifest.xml:84:9-35
	android:icon
		ADDED from AndroidStudio\DoPhone\AndroidManifest.xml:85:9-45
	android:theme
		ADDED from AndroidStudio\DoPhone\AndroidManifest.xml:87:9-40
meta-data#IFLYTEK_APPKEY
ADDED from AndroidStudio\DoPhone\AndroidManifest.xml:90:9-92:52
	android:value
		ADDED from AndroidStudio\DoPhone\AndroidManifest.xml:92:13-49
	android:name
		ADDED from AndroidStudio\DoPhone\AndroidManifest.xml:91:13-42
meta-data#IFLYTEK_CHANNEL
ADDED from AndroidStudio\DoPhone\AndroidManifest.xml:93:9-95:44
	android:value
		ADDED from AndroidStudio\DoPhone\AndroidManifest.xml:95:13-41
	android:name
		ADDED from AndroidStudio\DoPhone\AndroidManifest.xml:94:13-43
activity#com.example.dophone.activity.MainActivity
ADDED from AndroidStudio\DoPhone\AndroidManifest.xml:97:9-102:20
	android:label
		ADDED from AndroidStudio\DoPhone\AndroidManifest.xml:100:13-45
	android:allowTaskReparenting
		ADDED from AndroidStudio\DoPhone\AndroidManifest.xml:99:13-48
	android:taskAffinity
		ADDED from AndroidStudio\DoPhone\AndroidManifest.xml:101:13-55
	android:name
		ADDED from AndroidStudio\DoPhone\AndroidManifest.xml:98:13-69
activity#com.example.dophone.SplashActivity
ADDED from AndroidStudio\DoPhone\AndroidManifest.xml:103:9-113:20
	android:label
		ADDED from AndroidStudio\DoPhone\AndroidManifest.xml:106:13-58
	android:configChanges
		ADDED from AndroidStudio\DoPhone\AndroidManifest.xml:105:13-74
	android:theme
		ADDED from AndroidStudio\DoPhone\AndroidManifest.xml:107:13-51
	android:name
		ADDED from AndroidStudio\DoPhone\AndroidManifest.xml:104:13-62
intent-filter#android.intent.action.MAIN+android.intent.category.LAUNCHER
ADDED from AndroidStudio\DoPhone\AndroidManifest.xml:108:13-112:29
action#android.intent.action.MAIN
ADDED from AndroidStudio\DoPhone\AndroidManifest.xml:109:17-69
	android:name
		ADDED from AndroidStudio\DoPhone\AndroidManifest.xml:109:25-66
category#android.intent.category.LAUNCHER
ADDED from AndroidStudio\DoPhone\AndroidManifest.xml:111:17-77
	android:name
		ADDED from AndroidStudio\DoPhone\AndroidManifest.xml:111:27-74
activity#com.example.dophone.activity.ScannerActivity
ADDED from AndroidStudio\DoPhone\AndroidManifest.xml:114:9-117:20
	android:label
		ADDED from AndroidStudio\DoPhone\AndroidManifest.xml:116:13-59
	android:name
		ADDED from AndroidStudio\DoPhone\AndroidManifest.xml:115:13-72
activity#com.example.dophone.activity.Safe_Phone
ADDED from AndroidStudio\DoPhone\AndroidManifest.xml:118:9-121:20
	android:label
		ADDED from AndroidStudio\DoPhone\AndroidManifest.xml:120:13-45
	android:name
		ADDED from AndroidStudio\DoPhone\AndroidManifest.xml:119:13-67
activity#com.example.dophone.activity.Safe_Phone_Setup1
ADDED from AndroidStudio\DoPhone\AndroidManifest.xml:122:9-125:20
	android:label
		ADDED from AndroidStudio\DoPhone\AndroidManifest.xml:124:13-45
	android:name
		ADDED from AndroidStudio\DoPhone\AndroidManifest.xml:123:13-74
activity#com.example.dophone.activity.Safe_Phone_Setup2
ADDED from AndroidStudio\DoPhone\AndroidManifest.xml:126:9-129:20
	android:label
		ADDED from AndroidStudio\DoPhone\AndroidManifest.xml:128:13-71
	android:name
		ADDED from AndroidStudio\DoPhone\AndroidManifest.xml:127:13-74
activity#com.example.dophone.activity.Safe_Phone_Setup3
ADDED from AndroidStudio\DoPhone\AndroidManifest.xml:130:9-133:20
	android:label
		ADDED from AndroidStudio\DoPhone\AndroidManifest.xml:132:13-71
	android:name
		ADDED from AndroidStudio\DoPhone\AndroidManifest.xml:131:13-74
activity#com.example.dophone.activity.SelectContactActivity
ADDED from AndroidStudio\DoPhone\AndroidManifest.xml:134:9-137:20
	android:label
		ADDED from AndroidStudio\DoPhone\AndroidManifest.xml:136:13-66
	android:name
		ADDED from AndroidStudio\DoPhone\AndroidManifest.xml:135:13-78
activity#com.example.dophone.activity.Safe_Phone_Setup4
ADDED from AndroidStudio\DoPhone\AndroidManifest.xml:138:9-141:20
	android:label
		ADDED from AndroidStudio\DoPhone\AndroidManifest.xml:140:13-71
	android:name
		ADDED from AndroidStudio\DoPhone\AndroidManifest.xml:139:13-74
activity#com.example.dophone.FunctionUsageActivity
ADDED from AndroidStudio\DoPhone\AndroidManifest.xml:142:9-145:20
	android:label
		ADDED from AndroidStudio\DoPhone\AndroidManifest.xml:144:13-66
	android:name
		ADDED from AndroidStudio\DoPhone\AndroidManifest.xml:143:13-69
activity#com.example.dophone.LoginActivity
ADDED from AndroidStudio\DoPhone\AndroidManifest.xml:146:9-149:20
	android:label
		ADDED from AndroidStudio\DoPhone\AndroidManifest.xml:148:13-57
	android:name
		ADDED from AndroidStudio\DoPhone\AndroidManifest.xml:147:13-61
activity#com.example.dophone.RegisterActivity
ADDED from AndroidStudio\DoPhone\AndroidManifest.xml:150:9-153:20
	android:label
		ADDED from AndroidStudio\DoPhone\AndroidManifest.xml:152:13-60
	android:name
		ADDED from AndroidStudio\DoPhone\AndroidManifest.xml:151:13-64
activity#com.example.dophone.MainTabActivity
ADDED from AndroidStudio\DoPhone\AndroidManifest.xml:154:9-158:20
	android:label
		ADDED from AndroidStudio\DoPhone\AndroidManifest.xml:156:13-60
	android:windowSoftInputMode
		ADDED from AndroidStudio\DoPhone\AndroidManifest.xml:157:13-64
	android:name
		ADDED from AndroidStudio\DoPhone\AndroidManifest.xml:155:13-63
activity#com.example.dophone.EditContactActivity
ADDED from AndroidStudio\DoPhone\AndroidManifest.xml:159:9-162:20
	android:label
		ADDED from AndroidStudio\DoPhone\AndroidManifest.xml:161:13-64
	android:name
		ADDED from AndroidStudio\DoPhone\AndroidManifest.xml:160:13-67
activity#com.example.dophone.SmsActivity
ADDED from AndroidStudio\DoPhone\AndroidManifest.xml:163:9-166:20
	android:label
		ADDED from AndroidStudio\DoPhone\AndroidManifest.xml:165:13-55
	android:name
		ADDED from AndroidStudio\DoPhone\AndroidManifest.xml:164:13-59
activity#com.example.dophone.activity.ScanerCodeActivity
ADDED from AndroidStudio\DoPhone\AndroidManifest.xml:167:9-170:20
	android:label
		ADDED from AndroidStudio\DoPhone\AndroidManifest.xml:169:13-45
	android:name
		ADDED from AndroidStudio\DoPhone\AndroidManifest.xml:168:13-75
provider#com.example.dophone.provider.ContactProvider
ADDED from AndroidStudio\DoPhone\AndroidManifest.xml:172:9-176:20
	android:authorities
		ADDED from AndroidStudio\DoPhone\AndroidManifest.xml:174:13-67
	android:exported
		ADDED from AndroidStudio\DoPhone\AndroidManifest.xml:175:13-36
	android:name
		ADDED from AndroidStudio\DoPhone\AndroidManifest.xml:173:13-72
activity#com.example.dophone.activity.CreatCodeActivity
ADDED from AndroidStudio\DoPhone\AndroidManifest.xml:178:9-181:20
	android:label
		ADDED from AndroidStudio\DoPhone\AndroidManifest.xml:180:13-62
	android:name
		ADDED from AndroidStudio\DoPhone\AndroidManifest.xml:179:13-74
activity#com.example.pinyinlib.MainActivity
ADDED from [AndroidStudio:PinYinLib:unspecified] AndroidManifest.xml:16:9-24:20
	android:label
		ADDED from [AndroidStudio:PinYinLib:unspecified] AndroidManifest.xml:18:13-45
	android:name
		ADDED from [AndroidStudio:PinYinLib:unspecified] AndroidManifest.xml:17:13-62